2026-02-04 09:40:59.257 | INFO     | main:lifespan:42 - 🚀 Campus OS UNIGOM Backend starting...
2026-02-04 09:40:59.257 | INFO     | app.core.database:init_db:26 - 🔄 Using local PostgreSQL database
2026-02-04 09:40:59.309 | INFO     | app.core.database:init_db:42 - ✅ Local PostgreSQL connection initialized
2026-02-04 09:40:59.309 | INFO     | main:lifespan:46 - ✅ Database connected
2026-02-04 09:45:09.016 | ERROR    | main:global_exception_handler:100 - Unhandled exception: 'DatabaseWrapper' object has no attribute 'select'
2026-02-04 09:45:09.333 | ERROR    | main:global_exception_handler:100 - Unhandled exception: 'DatabaseWrapper' object has no attribute 'select'
2026-02-04 09:45:09.351 | ERROR    | main:global_exception_handler:100 - Unhandled exception: 'DatabaseWrapper' object has no attribute 'select'
2026-02-04 09:45:09.757 | ERROR    | main:global_exception_handler:100 - Unhandled exception: 'DatabaseWrapper' object has no attribute 'select'
2026-02-04 09:45:10.023 | ERROR    | main:global_exception_handler:100 - Unhandled exception: 'DatabaseWrapper' object has no attribute 'select'
2026-02-04 09:45:10.163 | ERROR    | main:global_exception_handler:100 - Unhandled exception: 'DatabaseWrapper' object has no attribute 'select'
2026-02-04 09:45:10.427 | ERROR    | main:global_exception_handler:100 - Unhandled exception: 'DatabaseWrapper' object has no attribute 'select'
2026-02-04 09:45:10.565 | ERROR    | main:global_exception_handler:100 - Unhandled exception: 'DatabaseWrapper' object has no attribute 'select'
2026-02-04 09:45:10.878 | ERROR    | main:global_exception_handler:100 - Unhandled exception: 'DatabaseWrapper' object has no attribute 'select'
2026-02-04 09:45:10.976 | ERROR    | main:global_exception_handler:100 - Unhandled exception: 'DatabaseWrapper' object has no attribute 'select'
2026-02-04 09:45:11.274 | ERROR    | main:global_exception_handler:100 - Unhandled exception: 'DatabaseWrapper' object has no attribute 'select'
2026-02-04 09:45:11.404 | ERROR    | main:global_exception_handler:100 - Unhandled exception: 'DatabaseWrapper' object has no attribute 'select'
2026-02-04 09:45:12.073 | ERROR    | main:global_exception_handler:100 - Unhandled exception: 'DatabaseWrapper' object has no attribute 'select'
2026-02-04 09:45:12.317 | ERROR    | main:global_exception_handler:100 - Unhandled exception: 'DatabaseWrapper' object has no attribute 'select'
2026-02-04 09:45:12.522 | ERROR    | main:global_exception_handler:100 - Unhandled exception: 'DatabaseWrapper' object has no attribute 'select'
2026-02-04 09:45:12.816 | ERROR    | main:global_exception_handler:100 - Unhandled exception: 'DatabaseWrapper' object has no attribute 'select'
2026-02-04 09:45:13.024 | ERROR    | main:global_exception_handler:100 - Unhandled exception: 'DatabaseWrapper' object has no attribute 'select'
2026-02-04 09:45:13.273 | ERROR    | main:global_exception_handler:100 - Unhandled exception: 'DatabaseWrapper' object has no attribute 'select'
2026-02-04 09:45:13.426 | ERROR    | main:global_exception_handler:100 - Unhandled exception: 'DatabaseWrapper' object has no attribute 'select'
2026-02-04 09:45:13.678 | ERROR    | main:global_exception_handler:100 - Unhandled exception: 'DatabaseWrapper' object has no attribute 'select'
2026-02-04 09:45:13.821 | ERROR    | main:global_exception_handler:100 - Unhandled exception: 'DatabaseWrapper' object has no attribute 'select'
2026-02-04 09:45:14.071 | ERROR    | main:global_exception_handler:100 - Unhandled exception: 'DatabaseWrapper' object has no attribute 'select'
2026-02-04 09:45:14.228 | ERROR    | main:global_exception_handler:100 - Unhandled exception: 'DatabaseWrapper' object has no attribute 'select'
2026-02-04 09:45:14.478 | ERROR    | main:global_exception_handler:100 - Unhandled exception: 'DatabaseWrapper' object has no attribute 'select'
2026-02-04 09:45:14.621 | ERROR    | main:global_exception_handler:100 - Unhandled exception: 'DatabaseWrapper' object has no attribute 'select'
2026-02-04 09:45:14.874 | ERROR    | main:global_exception_handler:100 - Unhandled exception: 'DatabaseWrapper' object has no attribute 'select'
2026-02-04 09:45:15.030 | ERROR    | main:global_exception_handler:100 - Unhandled exception: 'DatabaseWrapper' object has no attribute 'select'
2026-02-04 09:45:15.267 | ERROR    | main:global_exception_handler:100 - Unhandled exception: 'DatabaseWrapper' object has no attribute 'select'
2026-02-04 09:45:15.440 | ERROR    | main:global_exception_handler:100 - Unhandled exception: 'DatabaseWrapper' object has no attribute 'select'
2026-02-04 09:45:15.660 | ERROR    | main:global_exception_handler:100 - Unhandled exception: 'DatabaseWrapper' object has no attribute 'select'
2026-02-04 09:45:15.847 | ERROR    | main:global_exception_handler:100 - Unhandled exception: 'DatabaseWrapper' object has no attribute 'select'
2026-02-04 09:45:16.053 | ERROR    | main:global_exception_handler:100 - Unhandled exception: 'DatabaseWrapper' object has no attribute 'select'
2026-02-04 09:45:16.240 | ERROR    | main:global_exception_handler:100 - Unhandled exception: 'DatabaseWrapper' object has no attribute 'select'
2026-02-04 09:45:16.444 | ERROR    | main:global_exception_handler:100 - Unhandled exception: 'DatabaseWrapper' object has no attribute 'select'
2026-02-04 09:45:16.637 | ERROR    | main:global_exception_handler:100 - Unhandled exception: 'DatabaseWrapper' object has no attribute 'select'
2026-02-04 09:45:16.857 | ERROR    | main:global_exception_handler:100 - Unhandled exception: 'DatabaseWrapper' object has no attribute 'select'
2026-02-04 09:45:17.043 | ERROR    | main:global_exception_handler:100 - Unhandled exception: 'DatabaseWrapper' object has no attribute 'select'
2026-02-04 09:45:17.264 | ERROR    | main:global_exception_handler:100 - Unhandled exception: 'DatabaseWrapper' object has no attribute 'select'
2026-02-04 09:45:17.437 | ERROR    | main:global_exception_handler:100 - Unhandled exception: 'DatabaseWrapper' object has no attribute 'select'
2026-02-04 09:45:17.689 | ERROR    | main:global_exception_handler:100 - Unhandled exception: 'DatabaseWrapper' object has no attribute 'select'
2026-02-04 09:45:17.875 | ERROR    | main:global_exception_handler:100 - Unhandled exception: 'DatabaseWrapper' object has no attribute 'select'
2026-02-04 09:45:18.113 | ERROR    | main:global_exception_handler:100 - Unhandled exception: 'DatabaseWrapper' object has no attribute 'select'
2026-02-04 09:45:18.300 | ERROR    | main:global_exception_handler:100 - Unhandled exception: 'DatabaseWrapper' object has no attribute 'select'
2026-02-04 09:45:18.706 | ERROR    | main:global_exception_handler:100 - Unhandled exception: 'DatabaseWrapper' object has no attribute 'select'
2026-02-04 09:45:18.973 | ERROR    | main:global_exception_handler:100 - Unhandled exception: 'DatabaseWrapper' object has no attribute 'select'
2026-02-04 09:45:19.114 | ERROR    | main:global_exception_handler:100 - Unhandled exception: 'DatabaseWrapper' object has no attribute 'select'
2026-02-04 09:45:19.380 | ERROR    | main:global_exception_handler:100 - Unhandled exception: 'DatabaseWrapper' object has no attribute 'select'
2026-02-04 09:45:19.524 | ERROR    | main:global_exception_handler:100 - Unhandled exception: 'DatabaseWrapper' object has no attribute 'select'
2026-02-04 09:45:19.789 | ERROR    | main:global_exception_handler:100 - Unhandled exception: 'DatabaseWrapper' object has no attribute 'select'
2026-02-04 09:45:19.929 | ERROR    | main:global_exception_handler:100 - Unhandled exception: 'DatabaseWrapper' object has no attribute 'select'
2026-02-04 09:45:20.181 | ERROR    | main:global_exception_handler:100 - Unhandled exception: 'DatabaseWrapper' object has no attribute 'select'
2026-02-04 09:45:20.341 | ERROR    | main:global_exception_handler:100 - Unhandled exception: 'DatabaseWrapper' object has no attribute 'select'
2026-02-04 09:45:20.590 | ERROR    | main:global_exception_handler:100 - Unhandled exception: 'DatabaseWrapper' object has no attribute 'select'
2026-02-04 09:45:20.777 | ERROR    | main:global_exception_handler:100 - Unhandled exception: 'DatabaseWrapper' object has no attribute 'select'
2026-02-04 09:45:21.002 | ERROR    | main:global_exception_handler:100 - Unhandled exception: 'DatabaseWrapper' object has no attribute 'select'
2026-02-04 09:45:21.176 | ERROR    | main:global_exception_handler:100 - Unhandled exception: 'DatabaseWrapper' object has no attribute 'select'
2026-02-04 09:45:21.458 | ERROR    | main:global_exception_handler:100 - Unhandled exception: 'DatabaseWrapper' object has no attribute 'select'
2026-02-04 09:45:21.651 | ERROR    | main:global_exception_handler:100 - Unhandled exception: 'DatabaseWrapper' object has no attribute 'select'
2026-02-04 09:45:43.116 | ERROR    | main:global_exception_handler:100 - Unhandled exception: 'DatabaseWrapper' object has no attribute 'select'
2026-02-04 09:45:43.427 | ERROR    | main:global_exception_handler:100 - Unhandled exception: 'DatabaseWrapper' object has no attribute 'select'
2026-02-04 09:45:43.680 | ERROR    | main:global_exception_handler:100 - Unhandled exception: 'DatabaseWrapper' object has no attribute 'select'
2026-02-04 09:45:43.957 | ERROR    | main:global_exception_handler:100 - Unhandled exception: 'DatabaseWrapper' object has no attribute 'select'
2026-02-04 09:45:44.799 | ERROR    | main:global_exception_handler:100 - Unhandled exception: 'DatabaseWrapper' object has no attribute 'select'
2026-02-04 09:45:45.481 | ERROR    | main:global_exception_handler:100 - Unhandled exception: 'DatabaseWrapper' object has no attribute 'select'
2026-02-04 09:45:45.833 | ERROR    | main:global_exception_handler:100 - Unhandled exception: 'DatabaseWrapper' object has no attribute 'select'
2026-02-04 09:45:46.350 | ERROR    | main:global_exception_handler:100 - Unhandled exception: 'DatabaseWrapper' object has no attribute 'select'
2026-02-04 09:45:46.668 | ERROR    | main:global_exception_handler:100 - Unhandled exception: 'DatabaseWrapper' object has no attribute 'select'
2026-02-04 09:45:47.252 | ERROR    | main:global_exception_handler:100 - Unhandled exception: 'DatabaseWrapper' object has no attribute 'select'
2026-02-04 09:45:47.508 | ERROR    | main:global_exception_handler:100 - Unhandled exception: 'DatabaseWrapper' object has no attribute 'select'
2026-02-04 09:47:16.092 | ERROR    | main:global_exception_handler:100 - Unhandled exception: 'DatabaseWrapper' object has no attribute 'select'
2026-02-04 09:47:18.258 | ERROR    | main:global_exception_handler:100 - Unhandled exception: 'DatabaseWrapper' object has no attribute 'select'
2026-02-04 09:47:18.929 | ERROR    | main:global_exception_handler:100 - Unhandled exception: 'DatabaseWrapper' object has no attribute 'select'
2026-02-04 09:47:19.685 | ERROR    | main:global_exception_handler:100 - Unhandled exception: 'DatabaseWrapper' object has no attribute 'select'
2026-02-04 09:47:20.613 | ERROR    | main:global_exception_handler:100 - Unhandled exception: 'DatabaseWrapper' object has no attribute 'select'
2026-02-04 09:47:21.270 | ERROR    | main:global_exception_handler:100 - Unhandled exception: 'DatabaseWrapper' object has no attribute 'select'
2026-02-04 09:47:21.809 | ERROR    | main:global_exception_handler:100 - Unhandled exception: 'DatabaseWrapper' object has no attribute 'select'
2026-02-04 09:47:22.033 | ERROR    | main:global_exception_handler:100 - Unhandled exception: 'DatabaseWrapper' object has no attribute 'select'
2026-02-04 09:47:22.351 | ERROR    | main:global_exception_handler:100 - Unhandled exception: 'DatabaseWrapper' object has no attribute 'select'
2026-02-04 09:47:22.596 | ERROR    | main:global_exception_handler:100 - Unhandled exception: 'DatabaseWrapper' object has no attribute 'select'
2026-02-04 09:47:22.878 | ERROR    | main:global_exception_handler:100 - Unhandled exception: 'DatabaseWrapper' object has no attribute 'select'
2026-02-04 09:47:23.178 | ERROR    | main:global_exception_handler:100 - Unhandled exception: 'DatabaseWrapper' object has no attribute 'select'
2026-02-04 09:47:23.720 | ERROR    | main:global_exception_handler:100 - Unhandled exception: 'DatabaseWrapper' object has no attribute 'select'
2026-02-04 09:47:23.958 | ERROR    | main:global_exception_handler:100 - Unhandled exception: 'DatabaseWrapper' object has no attribute 'select'
2026-02-04 09:50:37.163 | ERROR    | main:global_exception_handler:100 - Unhandled exception: 'DatabaseWrapper' object has no attribute 'select'
2026-02-04 09:50:37.464 | ERROR    | main:global_exception_handler:100 - Unhandled exception: 'DatabaseWrapper' object has no attribute 'select'
2026-02-04 09:50:38.346 | ERROR    | main:global_exception_handler:100 - Unhandled exception: 'DatabaseWrapper' object has no attribute 'select'
2026-02-04 09:50:38.495 | ERROR    | main:global_exception_handler:100 - Unhandled exception: 'DatabaseWrapper' object has no attribute 'select'
2026-02-04 09:50:39.990 | ERROR    | main:global_exception_handler:100 - Unhandled exception: 'DatabaseWrapper' object has no attribute 'select'
2026-02-04 09:50:44.632 | ERROR    | main:global_exception_handler:100 - Unhandled exception: 'DatabaseWrapper' object has no attribute 'select'
2026-02-04 09:50:45.060 | ERROR    | main:global_exception_handler:100 - Unhandled exception: 'DatabaseWrapper' object has no attribute 'select'
2026-02-04 09:50:45.429 | ERROR    | main:global_exception_handler:100 - Unhandled exception: 'DatabaseWrapper' object has no attribute 'select'
2026-02-04 09:50:46.317 | ERROR    | main:global_exception_handler:100 - Unhandled exception: 'DatabaseWrapper' object has no attribute 'select'
2026-02-04 09:50:46.626 | ERROR    | main:global_exception_handler:100 - Unhandled exception: 'DatabaseWrapper' object has no attribute 'select'
2026-02-04 09:50:46.865 | ERROR    | main:global_exception_handler:100 - Unhandled exception: 'DatabaseWrapper' object has no attribute 'select'
2026-02-04 09:50:47.928 | ERROR    | main:global_exception_handler:100 - Unhandled exception: 'DatabaseWrapper' object has no attribute 'select'
2026-02-04 09:50:49.813 | ERROR    | main:global_exception_handler:100 - Unhandled exception: 'DatabaseWrapper' object has no attribute 'select'
2026-02-04 09:58:26.450 | ERROR    | app.api.routes.auth:login:196 - Login error: 'DatabaseWrapper' object has no attribute 'select'
2026-02-04 10:03:03.381 | INFO     | main:lifespan:50 - 👋 Campus OS UNIGOM Backend shutting down...
